#
# An unexpected error has occurred (11)
#
Stack:
/HDD/Vivado/Vivado/2020.2/tps/lnx64/jre11.0.2/lib//server/libjvm.so(+0xc04c3b) [0x7f3622decc3b]
/HDD/Vivado/Vivado/2020.2/tps/lnx64/jre11.0.2/lib//server/libjvm.so(JVM_handle_linux_signal+0x14e) [0x7f3622df18de]
/HDD/Vivado/Vivado/2020.2/tps/lnx64/jre11.0.2/lib//server/libjvm.so(+0xbfd538) [0x7f3622de5538]
/HDD/Vivado/Vivado/2020.2/tps/lnx64/javafx-sdk-11.0.2/lib/libjfxwebkit.so(+0x205ae18) [0x7f35bc80fe18]
/lib/x86_64-linux-gnu/libc.so.6(+0x3ef10) [0x7f3679e36f10]
/HDD/Vivado/Vivado/2020.2/lib/lnx64.o/librdi_simbridge_kernel.so(SimBridge::CArray::empty() const+0) [0x7f3629d65a00]
/HDD/Vivado/Vivado/2020.2/lib/lnx64.o/librdi_simbridge_kernel.so(SimBridge::WdbEventBlock::addBlock(SimBridge::WdbIBlockManager&, unsigned int&) const+0x1c) [0x7f3629d660dc]
/HDD/Vivado/Vivado/2020.2/lib/lnx64.o/librdi_simbridge_kernel.so(SimBridge::WdbMultipleBucketEventDatabase::getEventBlockDatabaseIterator(std::vector<SimBridge::WdbScalarBTree*, std::allocator<SimBridge::WdbScalarBTree*> > const&, std::vector<boost::shared_ptr<SimBridge::WdbIEventBlockIterator>, std::allocator<boost::shared_ptr<SimBridge::WdbIEventBlockIterator> > >&, std::vector<std::vector<SimBridge::WdbScalarBTree*, std::allocator<SimBridge::WdbScalarBTree*> >, std::allocator<std::vector<SimBridge::WdbScalarBTree*, std::allocator<SimBridge::WdbScalarBTree*> > > >&) const+0x691) [0x7f3629d80071]
/HDD/Vivado/Vivado/2020.2/lib/lnx64.o/librdi_simbridge_kernel.so(SimBridge::WdbAddressBTreeManager::scanWdbDatabaseMultiThread(std::vector<SimBridge::WdbScalarBTree*, std::allocator<SimBridge::WdbScalarBTree*> > const&, ISIM::IGuiStatus*)+0xf0) [0x7f3629d5cee0]
/HDD/Vivado/Vivado/2020.2/lib/lnx64.o/librdi_wavedata.so(SimBridge::DataObjMgr::createDrawingBTree(std::vector<SimBridge::IDataObj const*, std::allocator<SimBridge::IDataObj const*> > const&, ISIM::IGuiStatus*, bool)+0x32a) [0x7f36350e658a]
/HDD/Vivado/Vivado/2020.2/lib/lnx64.o/librdi_wavedata.so(+0x2df6b2) [0x7f36351a56b2]
/HDD/Vivado/Vivado/2020.2/lib/lnx64.o/librdi_wavedata.so(+0x2df95c) [0x7f36351a595c]
/HDD/Vivado/Vivado/2020.2/lib/lnx64.o/librdi_wavedata.so(SG_Model::ModelImp::updateData(SG_Model::WVDataObject*, bool)+0x30f) [0x7f363519f90f]
/HDD/Vivado/Vivado/2020.2/lib/lnx64.o/librdi_wavedata.so(SG_Model::ModelImp::updateData(SG_Model::WVDataObject*, bool)+0x18f) [0x7f363519f78f]
/HDD/Vivado/Vivado/2020.2/lib/lnx64.o/librdi_wavedata.so(SG_Model::ModelImp::updateData()+0x96b) [0x7f36351a05fb]
/HDD/Vivado/Vivado/2020.2/lib/lnx64.o/librdi_wavedata.so(SG_Model::Model::read(std::__cxx11::basic_string<char, std::char_traits<char>, std::allocator<char> > const&, SG_Model::IReporter&, ISIM::IGuiStatus*)+0x20d) [0x7f36351a1d8d]
/HDD/Vivado/Vivado/2020.2/lib/lnx64.o/librdi_wavedata.so(WVDAppInterface::WVDWindowManager::openWcfg(std::__cxx11::basic_string<char, std::char_traits<char>, std::allocator<char> > const&, SG_Model::IDesignManager::ConnectMode, ISIM::IGuiStatus*)+0x143) [0x7f3635069e03]
/HDD/Vivado/Vivado/2020.2/lib/lnx64.o/librdi_wavedatatasks.so(+0xa2ad3) [0x7f35d66eaad3]
/HDD/Vivado/Vivado/2020.2/lib/lnx64.o/librdi_common.so(+0x9cfb1d) [0x7f367b36eb1d]
/HDD/Vivado/Vivado/2020.2/lib/lnx64.o/libtcl8.5.so(+0x3356f) [0x7f36750dc56f]
/HDD/Vivado/Vivado/2020.2/lib/lnx64.o/libtcl8.5.so(Tcl_EvalObjv+0x32) [0x7f36750dc6a2]
/HDD/Vivado/Vivado/2020.2/lib/lnx64.o/libtcl8.5.so(TclEvalObjEx+0x322) [0x7f36750de4c2]
/HDD/Vivado/Vivado/2020.2/lib/lnx64.o/librdi_common.so(hdi::tcltasks::task_manager::eval_in_tcl(Tcl_Interp*, Tcl_Obj*, char const*, bool)+0xb59) [0x7f367b370929]
/HDD/Vivado/Vivado/2020.2/lib/lnx64.o/librdi_simtcltasks.so(+0x13b056) [0x7f35d6b49056]
/HDD/Vivado/Vivado/2020.2/lib/lnx64.o/librdi_common.so(+0x9cfb1d) [0x7f367b36eb1d]
/HDD/Vivado/Vivado/2020.2/lib/lnx64.o/libtcl8.5.so(+0x3356f) [0x7f36750dc56f]
/HDD/Vivado/Vivado/2020.2/lib/lnx64.o/libtcl8.5.so(+0x34bf8) [0x7f36750ddbf8]
/HDD/Vivado/Vivado/2020.2/lib/lnx64.o/libtcl8.5.so(Tcl_EvalEx+0x13) [0x7f36750de163]
/HDD/Vivado/Vivado/2020.2/lib/lnx64.o/libtcl8.5.so(TclEvalObjEx+0x1e0) [0x7f36750de380]
/HDD/Vivado/Vivado/2020.2/lib/lnx64.o/libtcl8.5.so(+0x3b445) [0x7f36750e4445]
/HDD/Vivado/Vivado/2020.2/lib/lnx64.o/libtcl8.5.so(+0x3356f) [0x7f36750dc56f]
/HDD/Vivado/Vivado/2020.2/lib/lnx64.o/libtcl8.5.so(+0x76945) [0x7f367511f945]
/HDD/Vivado/Vivado/2020.2/lib/lnx64.o/libtcl8.5.so(+0x7e0f9) [0x7f36751270f9]
/HDD/Vivado/Vivado/2020.2/lib/lnx64.o/libtcl8.5.so(TclEvalObjEx+0x76) [0x7f36750de216]
/HDD/Vivado/Vivado/2020.2/lib/lnx64.o/librdi_commontasks.so(+0x1dba74) [0x7f366db85a74]
/HDD/Vivado/Vivado/2020.2/lib/lnx64.o/libtcl8.5.so(+0x3356f) [0x7f36750dc56f]
/HDD/Vivado/Vivado/2020.2/lib/lnx64.o/libtcl8.5.so(+0x76945) [0x7f367511f945]
/HDD/Vivado/Vivado/2020.2/lib/lnx64.o/libtcl8.5.so(TclObjInterpProcCore+0x420) [0x7f3675160ed0]
/HDD/Vivado/Vivado/2020.2/lib/lnx64.o/libtcl8.5.so(+0x3356f) [0x7f36750dc56f]
/HDD/Vivado/Vivado/2020.2/lib/lnx64.o/libtcl8.5.so(Tcl_EvalObjv+0x32) [0x7f36750dc6a2]
/HDD/Vivado/Vivado/2020.2/lib/lnx64.o/libtcl8.5.so(TclEvalObjEx+0x322) [0x7f36750de4c2]
/HDD/Vivado/Vivado/2020.2/lib/lnx64.o/librdi_tcltasks.so(SimUtils::detail::execStep(Tcl_Interp*, std::__cxx11::basic_ostringstream<char, std::char_traits<char>, std::allocator<char> >&, std::__cxx11::basic_string<char, std::char_traits<char>, std::allocator<char> > const&, std::__cxx11::basic_string<char, std::char_traits<char>, std::allocator<char> > const&, std::__cxx11::basic_string<char, std::char_traits<char>, std::allocator<char> >&, bool&)+0x1ee) [0x7f366acc91fe]
/HDD/Vivado/Vivado/2020.2/lib/lnx64.o/librdi_tcltasks.so(SimUtils::detail::execSimStep(Tcl_Interp*, std::__cxx11::basic_ostringstream<char, std::char_traits<char>, std::allocator<char> >&, HAPUFSimulator*, HAPUFSimulator::TclProc, std::__cxx11::basic_string<char, std::char_traits<char>, std::allocator<char> > const&, bool, HADAFileSet*, std::__cxx11::basic_string<char, std::char_traits<char>, std::allocator<char> > const&, HAPUFSimulator::SimulationStep, bool, HDGUIStatus*)+0x75) [0x7f366acc9435]
/HDD/Vivado/Vivado/2020.2/lib/lnx64.o/librdi_tcltasks.so(HTCSimUtils::executeStep(Tcl_Interp*, HADAFileSet*, HADAFileSet*, HAPUFSimulator*, HDGUIStatus*, std::__cxx11::basic_string<char, std::char_traits<char>, std::allocator<char> > const&, std::__cxx11::basic_string<char, std::char_traits<char>, std::allocator<char> > const&, std::__cxx11::basic_string<char, std::char_traits<char>, std::allocator<char> > const&, bool, bool, bool, std::__cxx11::basic_ostringstream<char, std::char_traits<char>, std::allocator<char> >&)+0x4b7) [0x7f366acc9a97]
/HDD/Vivado/Vivado/2020.2/lib/lnx64.o/librdi_tcltasks.so(+0x1927eec) [0x7f366ac6feec]
/HDD/Vivado/Vivado/2020.2/lib/lnx64.o/librdi_common.so(+0x9cfb1d) [0x7f367b36eb1d]
/HDD/Vivado/Vivado/2020.2/lib/lnx64.o/libtcl8.5.so(+0x3356f) [0x7f36750dc56f]
/HDD/Vivado/Vivado/2020.2/lib/lnx64.o/libtcl8.5.so(+0x76945) [0x7f367511f945]
/HDD/Vivado/Vivado/2020.2/lib/lnx64.o/libtcl8.5.so(+0x7e0f9) [0x7f36751270f9]
/HDD/Vivado/Vivado/2020.2/lib/lnx64.o/libtcl8.5.so(TclEvalObjEx+0x76) [0x7f36750de216]
/HDD/Vivado/Vivado/2020.2/lib/lnx64.o/librdi_common.so(+0x9ce041) [0x7f367b36d041]
/HDD/Vivado/Vivado/2020.2/lib/lnx64.o/libtcl8.5.so(Tcl_ServiceEvent+0x7f) [0x7f3675150bef]
/HDD/Vivado/Vivado/2020.2/lib/lnx64.o/libtcl8.5.so(Tcl_DoOneEvent+0x154) [0x7f3675150f24]
/HDD/Vivado/Vivado/2020.2/lib/lnx64.o/librdi_commontasks.so(+0x23caa5) [0x7f366dbe6aa5]
/HDD/Vivado/Vivado/2020.2/lib/lnx64.o/librdi_commontasks.so(+0x23fbb5) [0x7f366dbe9bb5]
/HDD/Vivado/Vivado/2020.2/lib/lnx64.o/librdi_commontasks.so(+0x240bde) [0x7f366dbeabde]
/HDD/Vivado/Vivado/2020.2/lib/lnx64.o/librdi_common.so(+0x9cfb1d) [0x7f367b36eb1d]
/HDD/Vivado/Vivado/2020.2/lib/lnx64.o/libtcl8.5.so(+0x3356f) [0x7f36750dc56f]
/HDD/Vivado/Vivado/2020.2/lib/lnx64.o/libtcl8.5.so(+0x76945) [0x7f367511f945]
/HDD/Vivado/Vivado/2020.2/lib/lnx64.o/libtcl8.5.so(+0x7e0f9) [0x7f36751270f9]
/HDD/Vivado/Vivado/2020.2/lib/lnx64.o/libtcl8.5.so(TclEvalObjEx+0x76) [0x7f36750de216]
/HDD/Vivado/Vivado/2020.2/lib/lnx64.o/librdi_commonmain.so(+0xad53) [0x7f367a797d53]
/HDD/Vivado/Vivado/2020.2/lib/lnx64.o/libtcl8.5.so(Tcl_Main+0x1d0) [0x7f36751492f0]
/HDD/Vivado/Vivado/2020.2/lib/lnx64.o/librdi_common.so(+0xa1442b) [0x7f367b3b342b]
/lib/x86_64-linux-gnu/libpthread.so.0(+0x76db) [0x7f3679be06db]
/lib/x86_64-linux-gnu/libc.so.6(clone+0x3f) [0x7f3679f1961f]
